<?xml version="1.0" encoding="UTF-8"?>
<testng-results ignored="0" total="1" passed="1" failed="0" skipped="0">
  <reporter-output>
  </reporter-output>
  <suite started-at="2024-07-01T09:06:18 IST" name="Suite" finished-at="2024-07-01T09:06:47 IST" duration-ms="29257">
    <groups>
    </groups>
    <test started-at="2024-07-01T09:06:18 IST" name="Test" finished-at="2024-07-01T09:06:47 IST" duration-ms="29257">
      <class name="com.testprograms.LoginPageTest">
        <test-method signature="LoginTest()[pri:0, instance:com.testprograms.LoginPageTest@5677323c]" started-at="2024-07-01T09:06:18 IST" name="LoginTest" finished-at="2024-07-01T09:06:47 IST" duration-ms="29220" status="PASS">
          <reporter-output>
          </reporter-output>
        </test-method> <!-- LoginTest -->
      </class> <!-- com.testprograms.LoginPageTest -->
    </test> <!-- Test -->
  </suite> <!-- Suite -->
</testng-results>
