<?xml version="1.0" encoding="UTF-8"?>
<testng-results ignored="0" total="1" passed="1" failed="0" skipped="0">
  <reporter-output>
  </reporter-output>
  <suite started-at="2024-07-03T10:16:13 IST" name="Default suite" finished-at="2024-07-03T10:16:16 IST" duration-ms="2377">
    <groups>
    </groups>
    <test started-at="2024-07-03T10:16:13 IST" name="Default test" finished-at="2024-07-03T10:16:16 IST" duration-ms="2377">
      <class name="com.testprograms.Invalidlogin">
        <test-method signature="InvalidLoginTest()[pri:0, instance:com.testprograms.Invalidlogin@82de64a]" started-at="2024-07-03T10:16:13 IST" name="InvalidLoginTest" finished-at="2024-07-03T10:16:16 IST" duration-ms="2356" status="PASS">
          <reporter-output>
          </reporter-output>
        </test-method> <!-- InvalidLoginTest -->
      </class> <!-- com.testprograms.Invalidlogin -->
    </test> <!-- Default test -->
  </suite> <!-- Default suite -->
</testng-results>
